<?xml version="1.0" encoding="UTF-8"?>
<testng-results skipped="1" failed="0" ignored="0" total="1" passed="0">
  <reporter-output>
    <line>
      <![CDATA[<div "featureFile">Feature File: BackEnd Applications&#x2F;Atlas&#x2F;AtlasLogin.feature</div>]]>
    </line>
    <line>
      <![CDATA[<div "feature">Feature: Atlas Login feature</div>]]>
    </line>
    <line>
      <![CDATA[<div "scenarioOutline">Scenario Outline: Login to Atlas with valid credential</div>]]>
    </line>
    <line>
      <![CDATA[<div "scenario">Scenario Outline: Login to Atlas with valid credential</div>]]>
    </line>
    <line>
      <![CDATA[<div "result">Given  User launched application through &quot;&lt;browser&gt;&quot; browser (failed : 0s)</div>]]>
    </line>
    <line>
      <![CDATA[<div "result">And  User navigate to Atlas Application &quot;&lt;urlName&gt;&quot; (skipped)</div>]]>
    </line>
    <line>
      <![CDATA[<div "result">When  User enter UserName &quot;&lt;emailAddress&gt;&quot; password &quot;&lt;password&gt;&quot; and click log In button on Altas Application (skipped)</div>]]>
    </line>
    <line>
      <![CDATA[<div "result">Then  User successfully landed on Atlas Dashboard page (skipped)</div>]]>
    </line>
    <line>
      <![CDATA[<div "result">And  User clicks on Logout button to logoff application (skipped)</div>]]>
    </line>
  </reporter-output>
  <suite name="Default suite" duration-ms="1172" started-at="2020-11-11T08:39:57Z" finished-at="2020-11-11T08:39:59Z">
    <groups>
    </groups>
    <test name="Default test" duration-ms="1172" started-at="2020-11-11T08:39:57Z" finished-at="2020-11-11T08:39:59Z">
      <class name="TestNGRunnerCL">
        <test-method status="SKIP" signature="run_cukes()[pri:0, instance:TestNGRunnerCL@6b09bb57]" name="run_cukes" duration-ms="1137" started-at="2020-11-11T08:39:57Z" finished-at="2020-11-11T08:39:59Z">
          <exception class="cucumber.runtime.CucumberException">
            <message>
              <![CDATA[java.lang.NullPointerException]]>
            </message>
            <full-stacktrace>
              <![CDATA[cucumber.runtime.CucumberException: java.lang.NullPointerException
at cucumber.api.testng.TestNGCucumberRunner.runCukes(TestNGCucumberRunner.java:48)
at TestNGRunnerCL.run_cukes(TestNGRunnerCL.java:18)
at sun.reflect.NativeMethodAccessorImpl.invoke0(Native Method)
at sun.reflect.NativeMethodAccessorImpl.invoke(NativeMethodAccessorImpl.java:62)
at sun.reflect.DelegatingMethodAccessorImpl.invoke(DelegatingMethodAccessorImpl.java:43)
at java.lang.reflect.Method.invoke(Method.java:498)
at org.testng.internal.MethodInvocationHelper.invokeMethod(MethodInvocationHelper.java:124)
at org.testng.internal.MethodInvocationHelper$1.runTestMethod(MethodInvocationHelper.java:230)
at cucumber.api.testng.AbstractTestNGCucumberTests.run(AbstractTestNGCucumberTests.java:19)
at org.testng.internal.MethodInvocationHelper.invokeHookable(MethodInvocationHelper.java:242)
at org.testng.internal.Invoker.invokeMethod(Invoker.java:576)
at org.testng.internal.Invoker.invokeTestMethod(Invoker.java:716)
at org.testng.internal.Invoker.invokeTestMethods(Invoker.java:988)
at org.testng.internal.TestMethodWorker.invokeTestMethods(TestMethodWorker.java:125)
at org.testng.internal.TestMethodWorker.run(TestMethodWorker.java:109)
at org.testng.TestRunner.privateRun(TestRunner.java:648)
at org.testng.TestRunner.run(TestRunner.java:505)
at org.testng.SuiteRunner.runTest(SuiteRunner.java:455)
at org.testng.SuiteRunner.runSequentially(SuiteRunner.java:450)
at org.testng.SuiteRunner.privateRun(SuiteRunner.java:415)
at org.testng.SuiteRunner.run(SuiteRunner.java:364)
at org.testng.SuiteRunnerWorker.runSuite(SuiteRunnerWorker.java:52)
at org.testng.SuiteRunnerWorker.run(SuiteRunnerWorker.java:84)
at org.testng.TestNG.runSuitesSequentially(TestNG.java:1208)
at org.testng.TestNG.runSuitesLocally(TestNG.java:1137)
at org.testng.TestNG.runSuites(TestNG.java:1049)
at org.testng.TestNG.run(TestNG.java:1017)
at org.testng.remote.AbstractRemoteTestNG.run(AbstractRemoteTestNG.java:132)
at org.testng.remote.RemoteTestNG.initAndRun(RemoteTestNG.java:236)
at org.testng.remote.RemoteTestNG.main(RemoteTestNG.java:81)
Caused by: java.lang.NullPointerException
at com.selenium.utillity.Reusables.takeSnapShot(Reusables.java:121)
at com.selenium.utillity.Reusables.openBrowser(Reusables.java:41)
at com.cucumber.stepdefinition.AltasStepDefination.userLaunchedApplicationThroughBrowser(AltasStepDefination.java:49)
at ✽.Given User launched application through "Chrome" browser(BackEnd Applications/Atlas/AtlasLogin.feature:6)
]]>
            </full-stacktrace>
          </exception> <!-- cucumber.runtime.CucumberException -->
          <reporter-output>
            <line>
              <![CDATA[<div "featureFile">Feature File: BackEnd Applications&#x2F;Atlas&#x2F;AtlasLogin.feature</div>]]>
            </line>
            <line>
              <![CDATA[<div "feature">Feature: Atlas Login feature</div>]]>
            </line>
            <line>
              <![CDATA[<div "scenarioOutline">Scenario Outline: Login to Atlas with valid credential</div>]]>
            </line>
            <line>
              <![CDATA[<div "scenario">Scenario Outline: Login to Atlas with valid credential</div>]]>
            </line>
            <line>
              <![CDATA[<div "result">Given  User launched application through &quot;&lt;browser&gt;&quot; browser (failed : 0s)</div>]]>
            </line>
            <line>
              <![CDATA[<div "result">And  User navigate to Atlas Application &quot;&lt;urlName&gt;&quot; (skipped)</div>]]>
            </line>
            <line>
              <![CDATA[<div "result">When  User enter UserName &quot;&lt;emailAddress&gt;&quot; password &quot;&lt;password&gt;&quot; and click log In button on Altas Application (skipped)</div>]]>
            </line>
            <line>
              <![CDATA[<div "result">Then  User successfully landed on Atlas Dashboard page (skipped)</div>]]>
            </line>
            <line>
              <![CDATA[<div "result">And  User clicks on Logout button to logoff application (skipped)</div>]]>
            </line>
          </reporter-output>
        </test-method> <!-- run_cukes -->
      </class> <!-- TestNGRunnerCL -->
    </test> <!-- Default test -->
  </suite> <!-- Default suite -->
</testng-results>
